# JRE version: OpenJDK Runtime Environment (21.0.7+6) (build 21.0.7+6-Ubuntu-0ubuntu124.04)
# Java VM: OpenJDK 64-Bit Server VM (21.0.7+6-Ubuntu-0ubuntu124.04, mixed mode, sharing, tiered, compressed oops, compressed class ptrs, g1 gc, linux-amd64)
Heap:
 garbage-first heap   total 271360K, used 218132K [0x000000008e400000, 0x0000000100000000)
  region size 1024K, 121 young (123904K), 17 survivors (17408K)
 Metaspace       used 15444K, committed 15680K, reserved 1114112K
  class space    used 1454K, committed 1536K, reserved 1048576K
GC Heap History (20 events):
Event: 185,375 GC heap before
{Heap before GC invocations=4 (full 0):
 garbage-first heap   total 118784K, used 101098K [0x000000008e400000, 0x0000000100000000)
  region size 1024K, 40 young (40960K), 6 survivors (6144K)
 Metaspace       used 14734K, committed 14976K, reserved 1114112K
  class space    used 1442K, committed 1536K, reserved 1048576K
}
Event: 185,378 GC heap after
{Heap after GC invocations=5 (full 0):
 garbage-first heap   total 118784K, used 67982K [0x000000008e400000, 0x0000000100000000)
  region size 1024K, 2 young (2048K), 2 survivors (2048K)
 Metaspace       used 14734K, committed 14976K, reserved 1114112K
  class space    used 1442K, committed 1536K, reserved 1048576K
}
Event: 255,014 GC heap before
{Heap before GC invocations=5 (full 0):
 garbage-first heap   total 118784K, used 104846K [0x000000008e400000, 0x0000000100000000)
  region size 1024K, 39 young (39936K), 2 survivors (2048K)
 Metaspace       used 14785K, committed 15040K, reserved 1114112K
  class space    used 1442K, committed 1536K, reserved 1048576K
}
Event: 255,017 GC heap after
{Heap after GC invocations=6 (full 0):
 garbage-first heap   total 118784K, used 73409K [0x000000008e400000, 0x0000000100000000)
  region size 1024K, 5 young (5120K), 5 survivors (5120K)
 Metaspace       used 14785K, committed 15040K, reserved 1114112K
  class space    used 1442K, committed 1536K, reserved 1048576K
}
Event: 307,088 GC heap before
{Heap before GC invocations=7 (full 0):
 garbage-first heap   total 122880K, used 106177K [0x000000008e400000, 0x0000000100000000)
  region size 1024K, 37 young (37888K), 5 survivors (5120K)
 Metaspace       used 14796K, committed 15040K, reserved 1114112K
  class space    used 1442K, committed 1536K, reserved 1048576K
}
Event: 307,090 GC heap after
{Heap after GC invocations=8 (full 0):
 garbage-first heap   total 122880K, used 77150K [0x000000008e400000, 0x0000000100000000)
  region size 1024K, 5 young (5120K), 5 survivors (5120K)
 Metaspace       used 14796K, committed 15040K, reserved 1114112K
  class space    used 1442K, committed 1536K, reserved 1048576K
}
Event: 347,083 GC heap before
{Heap before GC invocations=8 (full 0):
 garbage-first heap   total 122880K, used 109918K [0x000000008e400000, 0x0000000100000000)
  region size 1024K, 37 young (37888K), 5 survivors (5120K)
 Metaspace       used 14819K, committed 15104K, reserved 1114112K
  class space    used 1442K, committed 1536K, reserved 1048576K
}
Event: 347,087 GC heap after
{Heap after GC invocations=9 (full 0):
 garbage-first heap   total 122880K, used 81244K [0x000000008e400000, 0x0000000100000000)
  region size 1024K, 5 young (5120K), 5 survivors (5120K)
 Metaspace       used 14819K, committed 15104K, reserved 1114112K
  class space    used 1442K, committed 1536K, reserved 1048576K
}
Event: 442,626 GC heap before
{Heap before GC invocations=9 (full 0):
 garbage-first heap   total 122880K, used 110940K [0x000000008e400000, 0x0000000100000000)
  region size 1024K, 34 young (34816K), 5 survivors (5120K)
 Metaspace       used 14984K, committed 15232K, reserved 1114112K
  class space    used 1443K, committed 1536K, reserved 1048576K
}
Event: 442,628 GC heap after
{Heap after GC invocations=10 (full 0):
 garbage-first heap   total 122880K, used 84316K [0x000000008e400000, 0x0000000100000000)
  region size 1024K, 5 young (5120K), 5 survivors (5120K)
 Metaspace       used 14984K, committed 15232K, reserved 1114112K
  class space    used 1443K, committed 1536K, reserved 1048576K
}
Event: 498,335 GC heap before
{Heap before GC invocations=11 (full 0):
 garbage-first heap   total 142336K, used 109916K [0x000000008e400000, 0x0000000100000000)
  region size 1024K, 31 young (31744K), 5 survivors (5120K)
 Metaspace       used 15003K, committed 15232K, reserved 1114112K
  class space    used 1443K, committed 1536K, reserved 1048576K
}
Event: 498,338 GC heap after
{Heap after GC invocations=12 (full 0):
 garbage-first heap   total 142336K, used 89436K [0x000000008e400000, 0x0000000100000000)
  region size 1024K, 4 young (4096K), 4 survivors (4096K)
 Metaspace       used 15003K, committed 15232K, reserved 1114112K
  class space    used 1443K, committed 1536K, reserved 1048576K
}
Event: 552,611 GC heap before
{Heap before GC invocations=12 (full 0):
 garbage-first heap   total 142336K, used 126300K [0x000000008e400000, 0x0000000100000000)
  region size 1024K, 40 young (40960K), 4 survivors (4096K)
 Metaspace       used 15004K, committed 15296K, reserved 1114112K
  class space    used 1443K, committed 1536K, reserved 1048576K
}
Event: 552,613 GC heap after
{Heap after GC invocations=13 (full 0):
 garbage-first heap   total 142336K, used 92508K [0x000000008e400000, 0x0000000100000000)
  region size 1024K, 5 young (5120K), 5 survivors (5120K)
 Metaspace       used 15004K, committed 15296K, reserved 1114112K
  class space    used 1443K, committed 1536K, reserved 1048576K
}
Event: 1539,874 GC heap before
{Heap before GC invocations=13 (full 0):
 garbage-first heap   total 142336K, used 128348K [0x000000008e400000, 0x0000000100000000)
  region size 1024K, 40 young (40960K), 5 survivors (5120K)
 Metaspace       used 15166K, committed 15424K, reserved 1114112K
  class space    used 1450K, committed 1536K, reserved 1048576K
}
Event: 1539,877 GC heap after
{Heap after GC invocations=14 (full 0):
 garbage-first heap   total 142336K, used 95580K [0x000000008e400000, 0x0000000100000000)
  region size 1024K, 5 young (5120K), 5 survivors (5120K)
 Metaspace       used 15166K, committed 15424K, reserved 1114112K
  class space    used 1450K, committed 1536K, reserved 1048576K
}
Event: 1595,654 GC heap before
{Heap before GC invocations=15 (full 0):
 garbage-first heap   total 160768K, used 128348K [0x000000008e400000, 0x0000000100000000)
  region size 1024K, 37 young (37888K), 5 survivors (5120K)
 Metaspace       used 15192K, committed 15424K, reserved 1114112K
  class space    used 1450K, committed 1536K, reserved 1048576K
}
Event: 1595,659 GC heap after
{Heap after GC invocations=16 (full 0):
 garbage-first heap   total 271360K, used 99676K [0x000000008e400000, 0x0000000100000000)
  region size 1024K, 5 young (5120K), 5 survivors (5120K)
 Metaspace       used 15192K, committed 15424K, reserved 1114112K
  class space    used 1450K, committed 1536K, reserved 1048576K
}
Event: 1816,815 GC heap before
{Heap before GC invocations=16 (full 0):
 garbage-first heap   total 271360K, used 233820K [0x000000008e400000, 0x0000000100000000)
  region size 1024K, 136 young (139264K), 5 survivors (5120K)
 Metaspace       used 15277K, committed 15552K, reserved 1114112K
  class space    used 1450K, committed 1536K, reserved 1048576K
}
Event: 1816,819 GC heap after
{Heap after GC invocations=17 (full 0):
 garbage-first heap   total 271360K, used 112312K [0x000000008e400000, 0x0000000100000000)
  region size 1024K, 17 young (17408K), 17 survivors (17408K)
 Metaspace       used 15277K, committed 15552K, reserved 1114112K
  class space    used 1450K, committed 1536K, reserved 1048576K
}

