# JRE version: OpenJDK Runtime Environment (21.0.7+6) (build 21.0.7+6-Ubuntu-0ubuntu124.04)
# Java VM: OpenJDK 64-Bit Server VM (21.0.7+6-Ubuntu-0ubuntu124.04, mixed mode, sharing, tiered, compressed oops, compressed class ptrs, g1 gc, linux-amd64)
Heap:
 garbage-first heap   total 278528K, used 158925K [0x000000008e400000, 0x0000000100000000)
  region size 1024K, 58 young (59392K), 19 survivors (19456K)
 Metaspace       used 15252K, committed 15488K, reserved 1114112K
  class space    used 1447K, committed 1536K, reserved 1048576K
GC Heap History (20 events):
Event: 227,927 GC heap before
{Heap before GC invocations=4 (full 0):
 garbage-first heap   total 118784K, used 103494K [0x000000008e400000, 0x0000000100000000)
  region size 1024K, 43 young (44032K), 3 survivors (3072K)
 Metaspace       used 14798K, committed 15040K, reserved 1114112K
  class space    used 1442K, committed 1536K, reserved 1048576K
}
Event: 227,931 GC heap after
{Heap after GC invocations=5 (full 0):
 garbage-first heap   total 118784K, used 71352K [0x000000008e400000, 0x0000000100000000)
  region size 1024K, 6 young (6144K), 6 survivors (6144K)
 Metaspace       used 14798K, committed 15040K, reserved 1114112K
  class space    used 1442K, committed 1536K, reserved 1048576K
}
Event: 281,398 GC heap before
{Heap before GC invocations=5 (full 0):
 garbage-first heap   total 118784K, used 104120K [0x000000008e400000, 0x0000000100000000)
  region size 1024K, 38 young (38912K), 6 survivors (6144K)
 Metaspace       used 14815K, committed 15104K, reserved 1114112K
  class space    used 1442K, committed 1536K, reserved 1048576K
}
Event: 281,400 GC heap after
{Heap after GC invocations=6 (full 0):
 garbage-first heap   total 118784K, used 75816K [0x000000008e400000, 0x0000000100000000)
  region size 1024K, 5 young (5120K), 5 survivors (5120K)
 Metaspace       used 14815K, committed 15104K, reserved 1114112K
  class space    used 1442K, committed 1536K, reserved 1048576K
}
Event: 311,452 GC heap before
{Heap before GC invocations=7 (full 0):
 garbage-first heap   total 128000K, used 105512K [0x000000008e400000, 0x0000000100000000)
  region size 1024K, 34 young (34816K), 5 survivors (5120K)
 Metaspace       used 14832K, committed 15104K, reserved 1114112K
  class space    used 1442K, committed 1536K, reserved 1048576K
}
Event: 311,454 GC heap after
{Heap after GC invocations=8 (full 0):
 garbage-first heap   total 128000K, used 78522K [0x000000008e400000, 0x0000000100000000)
  region size 1024K, 3 young (3072K), 3 survivors (3072K)
 Metaspace       used 14832K, committed 15104K, reserved 1114112K
  class space    used 1442K, committed 1536K, reserved 1048576K
}
Event: 401,072 GC heap before
{Heap before GC invocations=8 (full 0):
 garbage-first heap   total 128000K, used 114362K [0x000000008e400000, 0x0000000100000000)
  region size 1024K, 38 young (38912K), 3 survivors (3072K)
 Metaspace       used 14967K, committed 15232K, reserved 1114112K
  class space    used 1442K, committed 1536K, reserved 1048576K
}
Event: 401,074 GC heap after
{Heap after GC invocations=9 (full 0):
 garbage-first heap   total 128000K, used 81594K [0x000000008e400000, 0x0000000100000000)
  region size 1024K, 5 young (5120K), 5 survivors (5120K)
 Metaspace       used 14967K, committed 15232K, reserved 1114112K
  class space    used 1442K, committed 1536K, reserved 1048576K
}
Event: 464,095 GC heap before
{Heap before GC invocations=9 (full 0):
 garbage-first heap   total 128000K, used 114362K [0x000000008e400000, 0x0000000100000000)
  region size 1024K, 38 young (38912K), 5 survivors (5120K)
 Metaspace       used 14990K, committed 15232K, reserved 1114112K
  class space    used 1442K, committed 1536K, reserved 1048576K
}
Event: 464,098 GC heap after
{Heap after GC invocations=10 (full 0):
 garbage-first heap   total 129024K, used 89784K [0x000000008e400000, 0x0000000100000000)
  region size 1024K, 5 young (5120K), 5 survivors (5120K)
 Metaspace       used 14990K, committed 15232K, reserved 1114112K
  class space    used 1442K, committed 1536K, reserved 1048576K
}
Event: 506,049 GC heap before
{Heap before GC invocations=11 (full 0):
 garbage-first heap   total 150528K, used 116408K [0x000000008e400000, 0x0000000100000000)
  region size 1024K, 31 young (31744K), 5 survivors (5120K)
 Metaspace       used 14990K, committed 15232K, reserved 1114112K
  class space    used 1442K, committed 1536K, reserved 1048576K
}
Event: 506,051 GC heap after
{Heap after GC invocations=12 (full 0):
 garbage-first heap   total 150528K, used 92529K [0x000000008e400000, 0x0000000100000000)
  region size 1024K, 3 young (3072K), 3 survivors (3072K)
 Metaspace       used 14990K, committed 15232K, reserved 1114112K
  class space    used 1442K, committed 1536K, reserved 1048576K
}
Event: 574,784 GC heap before
{Heap before GC invocations=12 (full 0):
 garbage-first heap   total 150528K, used 135537K [0x000000008e400000, 0x0000000100000000)
  region size 1024K, 45 young (46080K), 3 survivors (3072K)
 Metaspace       used 15093K, committed 15360K, reserved 1114112K
  class space    used 1444K, committed 1536K, reserved 1048576K
}
Event: 574,785 GC heap after
{Heap after GC invocations=13 (full 0):
 garbage-first heap   total 150528K, used 94598K [0x000000008e400000, 0x0000000100000000)
  region size 1024K, 5 young (5120K), 5 survivors (5120K)
 Metaspace       used 15093K, committed 15360K, reserved 1114112K
  class space    used 1444K, committed 1536K, reserved 1048576K
}
Event: 634,834 GC heap before
{Heap before GC invocations=13 (full 0):
 garbage-first heap   total 150528K, used 136582K [0x000000008e400000, 0x0000000100000000)
  region size 1024K, 46 young (47104K), 5 survivors (5120K)
 Metaspace       used 15119K, committed 15360K, reserved 1114112K
  class space    used 1444K, committed 1536K, reserved 1048576K
}
Event: 634,836 GC heap after
{Heap after GC invocations=14 (full 0):
 garbage-first heap   total 150528K, used 100024K [0x000000008e400000, 0x0000000100000000)
  region size 1024K, 6 young (6144K), 6 survivors (6144K)
 Metaspace       used 15119K, committed 15360K, reserved 1114112K
  class space    used 1444K, committed 1536K, reserved 1048576K
}
Event: 691,494 GC heap before
{Heap before GC invocations=15 (full 0):
 garbage-first heap   total 167936K, used 135864K [0x000000008e400000, 0x0000000100000000)
  region size 1024K, 41 young (41984K), 6 survivors (6144K)
 Metaspace       used 15134K, committed 15360K, reserved 1114112K
  class space    used 1444K, committed 1536K, reserved 1048576K
}
Event: 691,498 GC heap after
{Heap after GC invocations=16 (full 0):
 garbage-first heap   total 271360K, used 103797K [0x000000008e400000, 0x0000000100000000)
  region size 1024K, 4 young (4096K), 4 survivors (4096K)
 Metaspace       used 15134K, committed 15360K, reserved 1114112K
  class space    used 1444K, committed 1536K, reserved 1048576K
}
Event: 910,442 GC heap before
{Heap before GC invocations=16 (full 0):
 garbage-first heap   total 271360K, used 252277K [0x000000008e400000, 0x0000000100000000)
  region size 1024K, 149 young (152576K), 4 survivors (4096K)
 Metaspace       used 15220K, committed 15488K, reserved 1114112K
  class space    used 1444K, committed 1536K, reserved 1048576K
}
Event: 910,447 GC heap after
{Heap after GC invocations=17 (full 0):
 garbage-first heap   total 278528K, used 119153K [0x000000008e400000, 0x0000000100000000)
  region size 1024K, 19 young (19456K), 19 survivors (19456K)
 Metaspace       used 15220K, committed 15488K, reserved 1114112K
  class space    used 1444K, committed 1536K, reserved 1048576K
}

